<?xml version="1.0" encoding="UTF-8"?>
<testng-results ignored="0" total="1" passed="1" failed="0" skipped="0">
  <reporter-output>
  </reporter-output>
  <suite started-at="2024-09-22T23:10:55 IST" name="Default suite" finished-at="2024-09-22T23:11:38 IST" duration-ms="42777">
    <groups>
    </groups>
    <test started-at="2024-09-22T23:10:55 IST" name="Default test" finished-at="2024-09-22T23:11:38 IST" duration-ms="42777">
      <class name="stepdefinitions.TestSteps">
        <test-method is-config="true" signature="beforeSuite()[pri:0, instance:stepdefinitions.TestSteps@1c7696c6]" started-at="2024-09-22T23:10:55 IST" name="beforeSuite" finished-at="2024-09-22T23:10:55 IST" duration-ms="180" status="PASS">
          <reporter-output>
          </reporter-output>
        </test-method> <!-- beforeSuite -->
        <test-method is-config="true" signature="launchBrowser()[pri:0, instance:stepdefinitions.TestSteps@1c7696c6]" started-at="2024-09-22T23:10:55 IST" name="launchBrowser" finished-at="2024-09-22T23:11:04 IST" duration-ms="9186" status="PASS">
          <reporter-output>
          </reporter-output>
        </test-method> <!-- launchBrowser -->
        <test-method signature="testAmazon()[pri:0, instance:stepdefinitions.TestSteps@1c7696c6]" started-at="2024-09-22T23:11:04 IST" name="testAmazon" finished-at="2024-09-22T23:11:38 IST" duration-ms="33406" status="PASS">
          <reporter-output>
          </reporter-output>
        </test-method> <!-- testAmazon -->
        <test-method is-config="true" signature="quitBrowser()[pri:0, instance:stepdefinitions.TestSteps@1c7696c6]" started-at="2024-09-22T23:11:38 IST" name="quitBrowser" finished-at="2024-09-22T23:11:38 IST" duration-ms="144" status="PASS">
          <reporter-output>
          </reporter-output>
        </test-method> <!-- quitBrowser -->
        <test-method is-config="true" signature="afterSuite()[pri:0, instance:stepdefinitions.TestSteps@1c7696c6]" started-at="2024-09-22T23:11:38 IST" name="afterSuite" finished-at="2024-09-22T23:11:38 IST" duration-ms="1" status="PASS">
          <reporter-output>
          </reporter-output>
        </test-method> <!-- afterSuite -->
      </class> <!-- stepdefinitions.TestSteps -->
    </test> <!-- Default test -->
  </suite> <!-- Default suite -->
</testng-results>
